<?xml version="1.0" encoding="UTF-8"?>
<!-- Generated by org.testng.reporters.JUnitReportReporter -->
<testsuite hostname="SKHAREED-LAP" failures="0" tests="3" name="tests.LoginPageTest" time="54.667" errors="0" timestamp="2019-10-17T21:39:52 IST" skipped="0">
  <testcase classname="tests.LoginPageTest" name="loginPageTitleTest" time="15.209"/>
  <testcase classname="tests.LoginPageTest" name="showPswdDispTest" time="17.714"/>
  <testcase classname="tests.LoginPageTest" name="doLoginTest" time="21.744"/>
</testsuite> <!-- tests.LoginPageTest -->
