<?xml version="1.0" encoding="UTF-8"?>
<!-- Generated by org.testng.reporters.JUnitReportReporter -->
<testsuite hostname="SKHAREED-LAP" failures="0" tests="3" name="tests.HomePageTest" time="67.663" errors="0" timestamp="2019-10-17T21:39:52 IST" skipped="0">
  <testcase classname="tests.HomePageTest" name="homePageTitleTest" time="22.422"/>
  <testcase classname="tests.HomePageTest" name="homePageHeaderTest" time="22.725"/>
  <testcase classname="tests.HomePageTest" name="acctHolderNameTest" time="22.516"/>
</testsuite> <!-- tests.HomePageTest -->
