<?xml version="1.0" encoding="UTF-8"?>
<!-- Generated by org.testng.reporters.JUnitReportReporter -->
<testsuite hostname="SKHAREED-LAP" failures="0" tests="3" name="tests.ContactsPageTest" time="38.452" errors="0" timestamp="2019-10-17T21:39:52 IST" skipped="2">
  <testcase classname="tests.ContactsPageTest" name="createContactTest" time="38.452"/>
  <testcase classname="tests.ContactsPageTest" name="contactsPageTitleTest">
    <skipped/>
  </testcase> <!-- contactsPageTitleTest -->
  <testcase classname="tests.ContactsPageTest" name="contactsPageHeaderTest">
    <skipped/>
  </testcase> <!-- contactsPageHeaderTest -->
</testsuite> <!-- tests.ContactsPageTest -->
